2023-07-11 16:57:45,454 INFO [main][SpringApplication.java:655] - The following profiles are active: xyh_dev
2023-07-11 16:57:45,454 INFO [main][SpringApplication.java:655] - The following profiles are active: xyh_dev
2023-07-11 16:57:47,591 WARN [main][EndpointId.java:155] - Endpoint ID 'service-registry' contains invalid characters, please migrate to a valid format.
2023-07-11 16:57:47,591 WARN [main][EndpointId.java:155] - Endpoint ID 'service-registry' contains invalid characters, please migrate to a valid format.
2023-07-11 16:57:47,717 DEBUG [main][LogFactory.java:105] - Logging initialized using 'class org.apache.ibatis.logging.slf4j.Slf4jImpl' adapter.
2023-07-11 16:57:47,717 DEBUG [main][LogFactory.java:105] - Logging initialized using 'class org.apache.ibatis.logging.slf4j.Slf4jImpl' adapter.
2023-07-11 16:57:47,876 INFO [main][GenericScope.java:295] - BeanFactory id=543672b1-1c06-3667-9298-38d28e39c42b
2023-07-11 16:57:47,876 INFO [main][GenericScope.java:295] - BeanFactory id=543672b1-1c06-3667-9298-38d28e39c42b
2023-07-11 16:57:48,148 INFO [main][PostProcessorRegistrationDelegate.java:335] - Bean 'org.springframework.security.access.expression.method.DefaultMethodSecurityExpressionHandler@216f01' of type [org.springframework.security.oauth2.provider.expression.OAuth2MethodSecurityExpressionHandler] is not eligible for getting processed by all BeanPostProcessors (for example: not eligible for auto-proxying)
2023-07-11 16:57:48,148 INFO [main][PostProcessorRegistrationDelegate.java:335] - Bean 'org.springframework.security.access.expression.method.DefaultMethodSecurityExpressionHandler@216f01' of type [org.springframework.security.oauth2.provider.expression.OAuth2MethodSecurityExpressionHandler] is not eligible for getting processed by all BeanPostProcessors (for example: not eligible for auto-proxying)
2023-07-11 16:57:48,159 INFO [main][PostProcessorRegistrationDelegate.java:335] - Bean 'methodSecurityMetadataSource' of type [org.springframework.security.access.method.DelegatingMethodSecurityMetadataSource] is not eligible for getting processed by all BeanPostProcessors (for example: not eligible for auto-proxying)
2023-07-11 16:57:48,159 INFO [main][PostProcessorRegistrationDelegate.java:335] - Bean 'methodSecurityMetadataSource' of type [org.springframework.security.access.method.DelegatingMethodSecurityMetadataSource] is not eligible for getting processed by all BeanPostProcessors (for example: not eligible for auto-proxying)
2023-07-11 16:57:48,588 INFO [main][TomcatWebServer.java:108] - Tomcat initialized with port(s): 63030 (http)
2023-07-11 16:57:48,588 INFO [main][TomcatWebServer.java:108] - Tomcat initialized with port(s): 63030 (http)
2023-07-11 16:57:48,604 INFO [main][DirectJDKLog.java:173] - Initializing ProtocolHandler ["http-nio-63030"]
2023-07-11 16:57:48,604 INFO [main][DirectJDKLog.java:173] - Initializing ProtocolHandler ["http-nio-63030"]
2023-07-11 16:57:48,604 INFO [main][DirectJDKLog.java:173] - Starting service [Tomcat]
2023-07-11 16:57:48,604 INFO [main][DirectJDKLog.java:173] - Starting service [Tomcat]
2023-07-11 16:57:48,605 INFO [main][DirectJDKLog.java:173] - Starting Servlet engine: [Apache Tomcat/9.0.41]
2023-07-11 16:57:48,605 INFO [main][DirectJDKLog.java:173] - Starting Servlet engine: [Apache Tomcat/9.0.41]
2023-07-11 16:57:48,999 INFO [main][DirectJDKLog.java:173] - Initializing Spring embedded WebApplicationContext
2023-07-11 16:57:48,999 INFO [main][DirectJDKLog.java:173] - Initializing Spring embedded WebApplicationContext
2023-07-11 16:57:48,999 INFO [main][ServletWebServerApplicationContext.java:285] - Root WebApplicationContext: initialization completed in 3524 ms
2023-07-11 16:57:48,999 INFO [main][ServletWebServerApplicationContext.java:285] - Root WebApplicationContext: initialization completed in 3524 ms
2023-07-11 16:57:49,174 DEBUG [main][InternalLoggerFactory.java:61] - Using SLF4J as the default logging framework
2023-07-11 16:57:49,174 DEBUG [main][InternalLoggerFactory.java:61] - Using SLF4J as the default logging framework
2023-07-11 16:57:49,711 WARN [main][AbstractApplicationContext.java:559] - Exception encountered during context initialization - cancelling refresh attempt: org.springframework.beans.factory.BeanCreationException: Error creating bean with name 'payTestController': Injection of autowired dependencies failed; nested exception is java.lang.IllegalArgumentException: Could not resolve placeholder 'pay.alipay.APP_ID' in value "${pay.alipay.APP_ID}"
2023-07-11 16:57:49,711 WARN [main][AbstractApplicationContext.java:559] - Exception encountered during context initialization - cancelling refresh attempt: org.springframework.beans.factory.BeanCreationException: Error creating bean with name 'payTestController': Injection of autowired dependencies failed; nested exception is java.lang.IllegalArgumentException: Could not resolve placeholder 'pay.alipay.APP_ID' in value "${pay.alipay.APP_ID}"
2023-07-11 16:57:49,793 INFO [main][DirectJDKLog.java:173] - Stopping service [Tomcat]
2023-07-11 16:57:49,793 INFO [main][DirectJDKLog.java:173] - Stopping service [Tomcat]
2023-07-11 16:57:49,823 INFO [main][ConditionEvaluationReportLoggingListener.java:136] - 

Error starting ApplicationContext. To display the conditions report re-run your application with 'debug' enabled.
2023-07-11 16:57:49,823 INFO [main][ConditionEvaluationReportLoggingListener.java:136] - 

Error starting ApplicationContext. To display the conditions report re-run your application with 'debug' enabled.
2023-07-11 16:57:49,841 ERROR [main][SpringApplication.java:837] - Application run failed
org.springframework.beans.factory.BeanCreationException: Error creating bean with name 'payTestController': Injection of autowired dependencies failed; nested exception is java.lang.IllegalArgumentException: Could not resolve placeholder 'pay.alipay.APP_ID' in value "${pay.alipay.APP_ID}"
	at org.springframework.beans.factory.annotation.AutowiredAnnotationBeanPostProcessor.postProcessProperties(AutowiredAnnotationBeanPostProcessor.java:405)
	at org.springframework.beans.factory.support.AbstractAutowireCapableBeanFactory.populateBean(AbstractAutowireCapableBeanFactory.java:1420)
	at org.springframework.beans.factory.support.AbstractAutowireCapableBeanFactory.doCreateBean(AbstractAutowireCapableBeanFactory.java:593)
	at org.springframework.beans.factory.support.AbstractAutowireCapableBeanFactory.createBean(AbstractAutowireCapableBeanFactory.java:516)
	at org.springframework.beans.factory.support.AbstractBeanFactory.lambda$doGetBean$0(AbstractBeanFactory.java:324)
	at org.springframework.beans.factory.support.DefaultSingletonBeanRegistry.getSingleton(DefaultSingletonBeanRegistry.java:234)
	at org.springframework.beans.factory.support.AbstractBeanFactory.doGetBean(AbstractBeanFactory.java:322)
	at org.springframework.beans.factory.support.AbstractBeanFactory.getBean(AbstractBeanFactory.java:202)
	at org.springframework.beans.factory.support.DefaultListableBeanFactory.preInstantiateSingletons(DefaultListableBeanFactory.java:897)
	at org.springframework.context.support.AbstractApplicationContext.finishBeanFactoryInitialization(AbstractApplicationContext.java:879)
	at org.springframework.context.support.AbstractApplicationContext.refresh(AbstractApplicationContext.java:551)
	at org.springframework.boot.web.servlet.context.ServletWebServerApplicationContext.refresh(ServletWebServerApplicationContext.java:143)
	at org.springframework.boot.SpringApplication.refresh(SpringApplication.java:758)
	at org.springframework.boot.SpringApplication.refresh(SpringApplication.java:750)
	at org.springframework.boot.SpringApplication.refreshContext(SpringApplication.java:405)
	at org.springframework.boot.SpringApplication.run(SpringApplication.java:315)
	at org.springframework.boot.SpringApplication.run(SpringApplication.java:1237)
	at org.springframework.boot.SpringApplication.run(SpringApplication.java:1226)
	at com.xuecheng.OrdersApiApplication.main(OrdersApiApplication.java:10)
Caused by: java.lang.IllegalArgumentException: Could not resolve placeholder 'pay.alipay.APP_ID' in value "${pay.alipay.APP_ID}"
	at org.springframework.util.PropertyPlaceholderHelper.parseStringValue(PropertyPlaceholderHelper.java:178)
	at org.springframework.util.PropertyPlaceholderHelper.replacePlaceholders(PropertyPlaceholderHelper.java:124)
	at org.springframework.core.env.AbstractPropertyResolver.doResolvePlaceholders(AbstractPropertyResolver.java:239)
	at org.springframework.core.env.AbstractPropertyResolver.resolveRequiredPlaceholders(AbstractPropertyResolver.java:210)
	at org.springframework.context.support.PropertySourcesPlaceholderConfigurer.lambda$processProperties$0(PropertySourcesPlaceholderConfigurer.java:175)
	at org.springframework.beans.factory.support.AbstractBeanFactory.resolveEmbeddedValue(AbstractBeanFactory.java:918)
	at org.springframework.beans.factory.support.DefaultListableBeanFactory.doResolveDependency(DefaultListableBeanFactory.java:1248)
	at org.springframework.beans.factory.support.DefaultListableBeanFactory.resolveDependency(DefaultListableBeanFactory.java:1227)
	at org.springframework.beans.factory.annotation.AutowiredAnnotationBeanPostProcessor$AutowiredFieldElement.inject(AutowiredAnnotationBeanPostProcessor.java:640)
	at org.springframework.beans.factory.annotation.InjectionMetadata.inject(InjectionMetadata.java:119)
	at org.springframework.beans.factory.annotation.AutowiredAnnotationBeanPostProcessor.postProcessProperties(AutowiredAnnotationBeanPostProcessor.java:399)
	... 18 more
2023-07-11 16:57:49,841 ERROR [main][SpringApplication.java:837] - Application run failed
org.springframework.beans.factory.BeanCreationException: Error creating bean with name 'payTestController': Injection of autowired dependencies failed; nested exception is java.lang.IllegalArgumentException: Could not resolve placeholder 'pay.alipay.APP_ID' in value "${pay.alipay.APP_ID}"
	at org.springframework.beans.factory.annotation.AutowiredAnnotationBeanPostProcessor.postProcessProperties(AutowiredAnnotationBeanPostProcessor.java:405)
	at org.springframework.beans.factory.support.AbstractAutowireCapableBeanFactory.populateBean(AbstractAutowireCapableBeanFactory.java:1420)
	at org.springframework.beans.factory.support.AbstractAutowireCapableBeanFactory.doCreateBean(AbstractAutowireCapableBeanFactory.java:593)
	at org.springframework.beans.factory.support.AbstractAutowireCapableBeanFactory.createBean(AbstractAutowireCapableBeanFactory.java:516)
	at org.springframework.beans.factory.support.AbstractBeanFactory.lambda$doGetBean$0(AbstractBeanFactory.java:324)
	at org.springframework.beans.factory.support.DefaultSingletonBeanRegistry.getSingleton(DefaultSingletonBeanRegistry.java:234)
	at org.springframework.beans.factory.support.AbstractBeanFactory.doGetBean(AbstractBeanFactory.java:322)
	at org.springframework.beans.factory.support.AbstractBeanFactory.getBean(AbstractBeanFactory.java:202)
	at org.springframework.beans.factory.support.DefaultListableBeanFactory.preInstantiateSingletons(DefaultListableBeanFactory.java:897)
	at org.springframework.context.support.AbstractApplicationContext.finishBeanFactoryInitialization(AbstractApplicationContext.java:879)
	at org.springframework.context.support.AbstractApplicationContext.refresh(AbstractApplicationContext.java:551)
	at org.springframework.boot.web.servlet.context.ServletWebServerApplicationContext.refresh(ServletWebServerApplicationContext.java:143)
	at org.springframework.boot.SpringApplication.refresh(SpringApplication.java:758)
	at org.springframework.boot.SpringApplication.refresh(SpringApplication.java:750)
	at org.springframework.boot.SpringApplication.refreshContext(SpringApplication.java:405)
	at org.springframework.boot.SpringApplication.run(SpringApplication.java:315)
	at org.springframework.boot.SpringApplication.run(SpringApplication.java:1237)
	at org.springframework.boot.SpringApplication.run(SpringApplication.java:1226)
	at com.xuecheng.OrdersApiApplication.main(OrdersApiApplication.java:10)
Caused by: java.lang.IllegalArgumentException: Could not resolve placeholder 'pay.alipay.APP_ID' in value "${pay.alipay.APP_ID}"
	at org.springframework.util.PropertyPlaceholderHelper.parseStringValue(PropertyPlaceholderHelper.java:178)
	at org.springframework.util.PropertyPlaceholderHelper.replacePlaceholders(PropertyPlaceholderHelper.java:124)
	at org.springframework.core.env.AbstractPropertyResolver.doResolvePlaceholders(AbstractPropertyResolver.java:239)
	at org.springframework.core.env.AbstractPropertyResolver.resolveRequiredPlaceholders(AbstractPropertyResolver.java:210)
	at org.springframework.context.support.PropertySourcesPlaceholderConfigurer.lambda$processProperties$0(PropertySourcesPlaceholderConfigurer.java:175)
	at org.springframework.beans.factory.support.AbstractBeanFactory.resolveEmbeddedValue(AbstractBeanFactory.java:918)
	at org.springframework.beans.factory.support.DefaultListableBeanFactory.doResolveDependency(DefaultListableBeanFactory.java:1248)
	at org.springframework.beans.factory.support.DefaultListableBeanFactory.resolveDependency(DefaultListableBeanFactory.java:1227)
	at org.springframework.beans.factory.annotation.AutowiredAnnotationBeanPostProcessor$AutowiredFieldElement.inject(AutowiredAnnotationBeanPostProcessor.java:640)
	at org.springframework.beans.factory.annotation.InjectionMetadata.inject(InjectionMetadata.java:119)
	at org.springframework.beans.factory.annotation.AutowiredAnnotationBeanPostProcessor.postProcessProperties(AutowiredAnnotationBeanPostProcessor.java:399)
	... 18 more
2023-07-11 16:57:49,851 WARN [Thread-6][HttpClientBeanHolder.java:108] - [HttpClientBeanHolder] Start destroying common HttpClient
2023-07-11 16:57:49,851 WARN [Thread-6][HttpClientBeanHolder.java:108] - [HttpClientBeanHolder] Start destroying common HttpClient
2023-07-11 16:57:49,852 WARN [Thread-6][HttpClientBeanHolder.java:114] - [HttpClientBeanHolder] Destruction of the end
2023-07-11 16:57:49,852 WARN [Thread-6][HttpClientBeanHolder.java:114] - [HttpClientBeanHolder] Destruction of the end
