2023-05-24 13:03:33,184 ERROR [main][LoggingFailureAnalysisReporter.java:40] - 

***************************
APPLICATION FAILED TO START
***************************

Description:

Web server failed to start. Port 63040 was already in use.

Action:

Identify and stop the process that's listening on port 63040 or configure this application to listen on another port.

2023-05-24 13:03:46,060 ERROR [main][LoggingFailureAnalysisReporter.java:40] - 

***************************
APPLICATION FAILED TO START
***************************

Description:

Web server failed to start. Port 63010 was already in use.

Action:

Identify and stop the process that's listening on port 63010 or configure this application to listen on another port.

2023-05-24 13:03:46,722 ERROR [main][LoggingFailureAnalysisReporter.java:40] - 

***************************
APPLICATION FAILED TO START
***************************

Description:

Web server failed to start. Port 63110 was already in use.

Action:

Identify and stop the process that's listening on port 63110 or configure this application to listen on another port.

